<?xml version="1.0" encoding="UTF-8"?>
<!-- Generated by org.testng.reporters.JUnitReportReporter -->
<testsuite hostname="DESKTOP-0KH341F" failures="0" tests="1" name="com.categories.HyperTension_Scraping" time="1226.155" errors="0" timestamp="2023-12-19T15:13:20 EST" skipped="0">
  <testcase classname="com.categories.HyperTension_Scraping" name="hypertensionrecipes" time="1226.155"/>
  <system-out/>
</testsuite> <!-- com.categories.HyperTension_Scraping -->
