<?xml version="1.0" encoding="UTF-8"?>
<!-- Generated by org.testng.reporters.JUnitReportReporter -->
<testsuite hostname="DESKTOP-0KH341F" failures="0" tests="1" name="com.categories.Allergy" time="2524.123" errors="0" timestamp="2023-12-19T18:03:02 EST" skipped="0">
  <testcase classname="com.categories.Allergy" name="allergiesdata" time="2524.123"/>
  <system-out/>
</testsuite> <!-- com.categories.Allergy -->
