<?xml version="1.0" encoding="UTF-8"?>
<!-- Generated by org.testng.reporters.JUnitReportReporter -->
<testsuite hostname="DESKTOP-0KH341F" failures="0" tests="1" name="com.categories.PCOS_Scrapping" time="1703.760" errors="0" timestamp="2023-12-19T19:09:24 EST" skipped="0">
  <testcase classname="com.categories.PCOS_Scrapping" name="hypertensionrecipes" time="1703.760"/>
  <system-out/>
</testsuite> <!-- com.categories.PCOS_Scrapping -->
